<?xml version="1.0" encoding="UTF-8"?>
<!-- Generated by org.testng.reporters.JUnitXMLReporter -->
<testsuite ignored="0" hostname="DESKTOP-M1HI0CI" failures="0" tests="5" name="Default test" time="29.591" errors="0" timestamp="07 May 2024 04:25:53 GMT">
  <testcase classname="test.May07" name="log_in" time="5.601"/>
  <testcase classname="test.May07" name="addItems" time="5.256"/>
  <testcase classname="test.May07" name="removeItems" time="5.277"/>
  <testcase classname="test.May07" name="verifyBackpack" time="0.155"/>
  <testcase classname="test.May07" name="log_out" time="10.297"/>
</testsuite> <!-- Default test -->
