<?xml version="1.0" encoding="UTF-8"?>
<testng-results ignored="0" total="5" passed="5" failed="0" skipped="0">
  <reporter-output>
  </reporter-output>
  <suite started-at="2024-05-07T04:25:24Z" name="Default suite" finished-at="2024-05-07T04:25:53Z" duration-ms="29591">
    <groups>
    </groups>
    <test started-at="2024-05-07T04:25:24Z" name="Default test" finished-at="2024-05-07T04:25:53Z" duration-ms="29591">
      <class name="test.May07">
        <test-method is-config="true" signature="setup()[pri:0, instance:test.May07@710c2b53]" started-at="2024-05-07T09:55:24Z" name="setup" finished-at="2024-05-07T09:55:26Z" duration-ms="2699" status="PASS">
          <reporter-output>
          </reporter-output>
        </test-method> <!-- setup -->
        <test-method signature="log_in()[pri:1, instance:test.May07@710c2b53]" started-at="2024-05-07T09:55:27Z" name="log_in" finished-at="2024-05-07T09:55:32Z" duration-ms="5601" status="PASS">
          <reporter-output>
          </reporter-output>
        </test-method> <!-- log_in -->
        <test-method signature="addItems()[pri:2, instance:test.May07@710c2b53]" started-at="2024-05-07T09:55:32Z" name="addItems" finished-at="2024-05-07T09:55:37Z" duration-ms="5256" status="PASS">
          <reporter-output>
          </reporter-output>
        </test-method> <!-- addItems -->
        <test-method signature="removeItems()[pri:3, instance:test.May07@710c2b53]" started-at="2024-05-07T09:55:37Z" name="removeItems" finished-at="2024-05-07T09:55:43Z" duration-ms="5277" status="PASS">
          <reporter-output>
          </reporter-output>
        </test-method> <!-- removeItems -->
        <test-method signature="verifyBackpack()[pri:4, instance:test.May07@710c2b53]" started-at="2024-05-07T09:55:43Z" name="verifyBackpack" finished-at="2024-05-07T09:55:43Z" duration-ms="155" status="PASS">
          <reporter-output>
          </reporter-output>
        </test-method> <!-- verifyBackpack -->
        <test-method signature="log_out()[pri:5, instance:test.May07@710c2b53]" started-at="2024-05-07T09:55:43Z" name="log_out" finished-at="2024-05-07T09:55:53Z" duration-ms="10297" status="PASS">
          <reporter-output>
          </reporter-output>
        </test-method> <!-- log_out -->
        <test-method is-config="true" signature="projectClose()[pri:0, instance:test.May07@710c2b53]" started-at="2024-05-07T09:55:53Z" name="projectClose" finished-at="2024-05-07T09:55:53Z" duration-ms="215" status="PASS">
          <reporter-output>
          </reporter-output>
        </test-method> <!-- projectClose -->
      </class> <!-- test.May07 -->
    </test> <!-- Default test -->
  </suite> <!-- Default suite -->
</testng-results>
